{"/Users/ximing_chen/Desktop/work/Prject-Catwork/fec-catwalk/client/src/components/questions/AddAnswerModal.jsx": {"path":"/Users/ximing_chen/Desktop/work/Prject-Catwork/fec-catwalk/client/src/components/questions/AddAnswerModal.jsx","statementMap":{"0":{"start":{"line":6,"column":12},"end":{"line":6,"column":35}},"1":{"start":{"line":8,"column":23},"end":{"line":184,"column":1}},"2":{"start":{"line":10,"column":21},"end":{"line":10,"column":37}},"3":{"start":{"line":12,"column":26},"end":{"line":12,"column":40}},"4":{"start":{"line":14,"column":28},"end":{"line":20,"column":4}},"5":{"start":{"line":22,"column":16},"end":{"line":30,"column":3}},"6":{"start":{"line":32,"column":23},"end":{"line":40,"column":3}},"7":{"start":{"line":42,"column":17},"end":{"line":46,"column":3}},"8":{"start":{"line":48,"column":18},"end":{"line":52,"column":3}},"9":{"start":{"line":54,"column":18},"end":{"line":56,"column":3}},"10":{"start":{"line":55,"column":4},"end":{"line":55,"column":20}},"11":{"start":{"line":59,"column":24},"end":{"line":62,"column":3}},"12":{"start":{"line":60,"column":14},"end":{"line":60,"column":31}},"13":{"start":{"line":61,"column":4},"end":{"line":61,"column":37}},"14":{"start":{"line":65,"column":21},"end":{"line":70,"column":3}},"15":{"start":{"line":66,"column":4},"end":{"line":69,"column":6}},"16":{"start":{"line":72,"column":22},"end":{"line":77,"column":3}},"17":{"start":{"line":73,"column":4},"end":{"line":76,"column":6}},"18":{"start":{"line":79,"column":23},"end":{"line":84,"column":3}},"19":{"start":{"line":80,"column":4},"end":{"line":83,"column":6}},"20":{"start":{"line":88,"column":18},"end":{"line":100,"column":3}},"21":{"start":{"line":89,"column":17},"end":{"line":89,"column":22}},"22":{"start":{"line":91,"column":4},"end":{"line":97,"column":5}},"23":{"start":{"line":92,"column":6},"end":{"line":94,"column":7}},"24":{"start":{"line":93,"column":8},"end":{"line":93,"column":22}},"25":{"start":{"line":95,"column":11},"end":{"line":97,"column":5}},"26":{"start":{"line":96,"column":6},"end":{"line":96,"column":20}},"27":{"start":{"line":99,"column":4},"end":{"line":99,"column":18}},"28":{"start":{"line":104,"column":23},"end":{"line":150,"column":3}},"29":{"start":{"line":105,"column":4},"end":{"line":105,"column":23}},"30":{"start":{"line":107,"column":15},"end":{"line":107,"column":30}},"31":{"start":{"line":108,"column":16},"end":{"line":108,"column":32}},"32":{"start":{"line":109,"column":17},"end":{"line":109,"column":34}},"33":{"start":{"line":110,"column":16},"end":{"line":110,"column":18}},"34":{"start":{"line":112,"column":4},"end":{"line":114,"column":5}},"35":{"start":{"line":113,"column":6},"end":{"line":113,"column":25}},"36":{"start":{"line":115,"column":4},"end":{"line":117,"column":5}},"37":{"start":{"line":116,"column":6},"end":{"line":116,"column":26}},"38":{"start":{"line":118,"column":4},"end":{"line":120,"column":5}},"39":{"start":{"line":119,"column":6},"end":{"line":119,"column":31}},"40":{"start":{"line":122,"column":4},"end":{"line":149,"column":5}},"41":{"start":{"line":124,"column":20},"end":{"line":130,"column":7}},"42":{"start":{"line":133,"column":6},"end":{"line":135,"column":58}},"43":{"start":{"line":134,"column":18},"end":{"line":134,"column":46}},"44":{"start":{"line":135,"column":22},"end":{"line":135,"column":56}},"45":{"start":{"line":138,"column":6},"end":{"line":138,"column":20}},"46":{"start":{"line":141,"column":6},"end":{"line":141,"column":22}},"47":{"start":{"line":144,"column":6},"end":{"line":148,"column":9}},"48":{"start":{"line":152,"column":2},"end":{"line":183,"column":3}}},"fnMap":{"0":{"name":"(anonymous_0)","decl":{"start":{"line":8,"column":23},"end":{"line":8,"column":24}},"loc":{"start":{"line":8,"column":34},"end":{"line":184,"column":1}},"line":8},"1":{"name":"(anonymous_1)","decl":{"start":{"line":54,"column":18},"end":{"line":54,"column":19}},"loc":{"start":{"line":54,"column":24},"end":{"line":56,"column":3}},"line":54},"2":{"name":"(anonymous_2)","decl":{"start":{"line":59,"column":24},"end":{"line":59,"column":25}},"loc":{"start":{"line":59,"column":31},"end":{"line":62,"column":3}},"line":59},"3":{"name":"(anonymous_3)","decl":{"start":{"line":65,"column":21},"end":{"line":65,"column":22}},"loc":{"start":{"line":65,"column":28},"end":{"line":70,"column":3}},"line":65},"4":{"name":"(anonymous_4)","decl":{"start":{"line":72,"column":22},"end":{"line":72,"column":23}},"loc":{"start":{"line":72,"column":29},"end":{"line":77,"column":3}},"line":72},"5":{"name":"(anonymous_5)","decl":{"start":{"line":79,"column":23},"end":{"line":79,"column":24}},"loc":{"start":{"line":79,"column":30},"end":{"line":84,"column":3}},"line":79},"6":{"name":"(anonymous_6)","decl":{"start":{"line":88,"column":18},"end":{"line":88,"column":19}},"loc":{"start":{"line":88,"column":32},"end":{"line":100,"column":3}},"line":88},"7":{"name":"(anonymous_7)","decl":{"start":{"line":104,"column":23},"end":{"line":104,"column":24}},"loc":{"start":{"line":104,"column":30},"end":{"line":150,"column":3}},"line":104},"8":{"name":"(anonymous_8)","decl":{"start":{"line":134,"column":12},"end":{"line":134,"column":13}},"loc":{"start":{"line":134,"column":18},"end":{"line":134,"column":46}},"line":134},"9":{"name":"(anonymous_9)","decl":{"start":{"line":135,"column":13},"end":{"line":135,"column":14}},"loc":{"start":{"line":135,"column":22},"end":{"line":135,"column":56}},"line":135}},"branchMap":{"0":{"loc":{"start":{"line":91,"column":4},"end":{"line":97,"column":5}},"type":"if","locations":[{"start":{"line":91,"column":4},"end":{"line":97,"column":5}},{"start":{"line":95,"column":11},"end":{"line":97,"column":5}}],"line":91},"1":{"loc":{"start":{"line":92,"column":6},"end":{"line":94,"column":7}},"type":"if","locations":[{"start":{"line":92,"column":6},"end":{"line":94,"column":7}},{"start":{},"end":{}}],"line":92},"2":{"loc":{"start":{"line":92,"column":10},"end":{"line":92,"column":75}},"type":"binary-expr","locations":[{"start":{"line":92,"column":10},"end":{"line":92,"column":45}},{"start":{"line":92,"column":49},"end":{"line":92,"column":75}}],"line":92},"3":{"loc":{"start":{"line":95,"column":11},"end":{"line":97,"column":5}},"type":"if","locations":[{"start":{"line":95,"column":11},"end":{"line":97,"column":5}},{"start":{},"end":{}}],"line":95},"4":{"loc":{"start":{"line":112,"column":4},"end":{"line":114,"column":5}},"type":"if","locations":[{"start":{"line":112,"column":4},"end":{"line":114,"column":5}},{"start":{},"end":{}}],"line":112},"5":{"loc":{"start":{"line":115,"column":4},"end":{"line":117,"column":5}},"type":"if","locations":[{"start":{"line":115,"column":4},"end":{"line":117,"column":5}},{"start":{},"end":{}}],"line":115},"6":{"loc":{"start":{"line":118,"column":4},"end":{"line":120,"column":5}},"type":"if","locations":[{"start":{"line":118,"column":4},"end":{"line":120,"column":5}},{"start":{},"end":{}}],"line":118},"7":{"loc":{"start":{"line":122,"column":4},"end":{"line":149,"column":5}},"type":"if","locations":[{"start":{"line":122,"column":4},"end":{"line":149,"column":5}},{"start":{"line":143,"column":11},"end":{"line":149,"column":5}}],"line":122},"8":{"loc":{"start":{"line":122,"column":8},"end":{"line":122,"column":31}},"type":"binary-expr","locations":[{"start":{"line":122,"column":8},"end":{"line":122,"column":12}},{"start":{"line":122,"column":16},"end":{"line":122,"column":21}},{"start":{"line":122,"column":25},"end":{"line":122,"column":31}}],"line":122},"9":{"loc":{"start":{"line":179,"column":11},"end":{"line":179,"column":51}},"type":"binary-expr","locations":[{"start":{"line":179,"column":11},"end":{"line":179,"column":22}},{"start":{"line":179,"column":26},"end":{"line":179,"column":51}}],"line":179}},"s":{"0":1,"1":1,"2":0,"3":0,"4":0,"5":0,"6":0,"7":0,"8":0,"9":0,"10":0,"11":0,"12":0,"13":0,"14":0,"15":0,"16":0,"17":0,"18":0,"19":0,"20":0,"21":0,"22":0,"23":0,"24":0,"25":0,"26":0,"27":0,"28":0,"29":0,"30":0,"31":0,"32":0,"33":0,"34":0,"35":0,"36":0,"37":0,"38":0,"39":0,"40":0,"41":0,"42":0,"43":0,"44":0,"45":0,"46":0,"47":0,"48":0},"f":{"0":0,"1":0,"2":0,"3":0,"4":0,"5":0,"6":0,"7":0,"8":0,"9":0},"b":{"0":[0,0],"1":[0,0],"2":[0,0],"3":[0,0],"4":[0,0],"5":[0,0],"6":[0,0],"7":[0,0],"8":[0,0,0],"9":[0,0]},"_coverageSchema":"1a1c01bbd47fc00a2c39e90264f33305004495a9","hash":"d417f9d6b9337641bf8ea746e633e0e18a9e2361"}
,"/Users/ximing_chen/Desktop/work/Prject-Catwork/fec-catwalk/client/src/components/questions/AddQuestionModal.jsx": {"path":"/Users/ximing_chen/Desktop/work/Prject-Catwork/fec-catwalk/client/src/components/questions/AddQuestionModal.jsx","statementMap":{"0":{"start":{"line":5,"column":25},"end":{"line":192,"column":1}},"1":{"start":{"line":7,"column":28},"end":{"line":13,"column":4}},"2":{"start":{"line":15,"column":20},"end":{"line":15,"column":28}},"3":{"start":{"line":18,"column":16},"end":{"line":26,"column":3}},"4":{"start":{"line":28,"column":23},"end":{"line":36,"column":3}},"5":{"start":{"line":38,"column":16},"end":{"line":40,"column":3}},"6":{"start":{"line":42,"column":14},"end":{"line":46,"column":3}},"7":{"start":{"line":47,"column":13},"end":{"line":51,"column":3}},"8":{"start":{"line":53,"column":18},"end":{"line":55,"column":3}},"9":{"start":{"line":54,"column":4},"end":{"line":54,"column":20}},"10":{"start":{"line":59,"column":26},"end":{"line":64,"column":3}},"11":{"start":{"line":60,"column":4},"end":{"line":63,"column":7}},"12":{"start":{"line":66,"column":27},"end":{"line":73,"column":3}},"13":{"start":{"line":67,"column":4},"end":{"line":70,"column":6}},"14":{"start":{"line":75,"column":23},"end":{"line":81,"column":3}},"15":{"start":{"line":76,"column":4},"end":{"line":79,"column":7}},"16":{"start":{"line":85,"column":18},"end":{"line":97,"column":3}},"17":{"start":{"line":86,"column":17},"end":{"line":86,"column":22}},"18":{"start":{"line":88,"column":4},"end":{"line":94,"column":5}},"19":{"start":{"line":89,"column":6},"end":{"line":91,"column":7}},"20":{"start":{"line":90,"column":8},"end":{"line":90,"column":22}},"21":{"start":{"line":92,"column":11},"end":{"line":94,"column":5}},"22":{"start":{"line":93,"column":6},"end":{"line":93,"column":20}},"23":{"start":{"line":96,"column":4},"end":{"line":96,"column":18}},"24":{"start":{"line":101,"column":23},"end":{"line":156,"column":3}},"25":{"start":{"line":102,"column":4},"end":{"line":102,"column":23}},"26":{"start":{"line":104,"column":15},"end":{"line":104,"column":30}},"27":{"start":{"line":105,"column":16},"end":{"line":105,"column":32}},"28":{"start":{"line":106,"column":19},"end":{"line":106,"column":38}},"29":{"start":{"line":107,"column":16},"end":{"line":107,"column":18}},"30":{"start":{"line":109,"column":4},"end":{"line":112,"column":5}},"31":{"start":{"line":110,"column":5},"end":{"line":110,"column":24}},"32":{"start":{"line":113,"column":4},"end":{"line":115,"column":5}},"33":{"start":{"line":114,"column":6},"end":{"line":114,"column":26}},"34":{"start":{"line":116,"column":4},"end":{"line":118,"column":5}},"35":{"start":{"line":117,"column":6},"end":{"line":117,"column":33}},"36":{"start":{"line":120,"column":4},"end":{"line":155,"column":5}},"37":{"start":{"line":132,"column":20},"end":{"line":137,"column":7}},"38":{"start":{"line":139,"column":6},"end":{"line":144,"column":58}},"39":{"start":{"line":141,"column":8},"end":{"line":141,"column":44}},"40":{"start":{"line":144,"column":20},"end":{"line":144,"column":56}},"41":{"start":{"line":147,"column":6},"end":{"line":147,"column":21}},"42":{"start":{"line":150,"column":6},"end":{"line":154,"column":9}},"43":{"start":{"line":159,"column":2},"end":{"line":191,"column":4}}},"fnMap":{"0":{"name":"(anonymous_0)","decl":{"start":{"line":5,"column":25},"end":{"line":5,"column":26}},"loc":{"start":{"line":5,"column":36},"end":{"line":192,"column":1}},"line":5},"1":{"name":"(anonymous_1)","decl":{"start":{"line":53,"column":18},"end":{"line":53,"column":19}},"loc":{"start":{"line":53,"column":24},"end":{"line":55,"column":3}},"line":53},"2":{"name":"(anonymous_2)","decl":{"start":{"line":59,"column":26},"end":{"line":59,"column":27}},"loc":{"start":{"line":59,"column":33},"end":{"line":64,"column":3}},"line":59},"3":{"name":"(anonymous_3)","decl":{"start":{"line":66,"column":27},"end":{"line":66,"column":28}},"loc":{"start":{"line":66,"column":34},"end":{"line":73,"column":3}},"line":66},"4":{"name":"(anonymous_4)","decl":{"start":{"line":75,"column":23},"end":{"line":75,"column":24}},"loc":{"start":{"line":75,"column":30},"end":{"line":81,"column":3}},"line":75},"5":{"name":"(anonymous_5)","decl":{"start":{"line":85,"column":18},"end":{"line":85,"column":19}},"loc":{"start":{"line":85,"column":32},"end":{"line":97,"column":3}},"line":85},"6":{"name":"(anonymous_6)","decl":{"start":{"line":101,"column":23},"end":{"line":101,"column":24}},"loc":{"start":{"line":101,"column":30},"end":{"line":156,"column":3}},"line":101},"7":{"name":"(anonymous_7)","decl":{"start":{"line":140,"column":12},"end":{"line":140,"column":13}},"loc":{"start":{"line":140,"column":19},"end":{"line":143,"column":7}},"line":140},"8":{"name":"(anonymous_8)","decl":{"start":{"line":144,"column":13},"end":{"line":144,"column":14}},"loc":{"start":{"line":144,"column":20},"end":{"line":144,"column":56}},"line":144}},"branchMap":{"0":{"loc":{"start":{"line":88,"column":4},"end":{"line":94,"column":5}},"type":"if","locations":[{"start":{"line":88,"column":4},"end":{"line":94,"column":5}},{"start":{"line":92,"column":11},"end":{"line":94,"column":5}}],"line":88},"1":{"loc":{"start":{"line":89,"column":6},"end":{"line":91,"column":7}},"type":"if","locations":[{"start":{"line":89,"column":6},"end":{"line":91,"column":7}},{"start":{},"end":{}}],"line":89},"2":{"loc":{"start":{"line":89,"column":9},"end":{"line":89,"column":116}},"type":"binary-expr","locations":[{"start":{"line":89,"column":9},"end":{"line":89,"column":44}},{"start":{"line":89,"column":48},"end":{"line":89,"column":74}},{"start":{"line":89,"column":78},"end":{"line":89,"column":116}}],"line":89},"3":{"loc":{"start":{"line":92,"column":11},"end":{"line":94,"column":5}},"type":"if","locations":[{"start":{"line":92,"column":11},"end":{"line":94,"column":5}},{"start":{},"end":{}}],"line":92},"4":{"loc":{"start":{"line":109,"column":4},"end":{"line":112,"column":5}},"type":"if","locations":[{"start":{"line":109,"column":4},"end":{"line":112,"column":5}},{"start":{},"end":{}}],"line":109},"5":{"loc":{"start":{"line":113,"column":4},"end":{"line":115,"column":5}},"type":"if","locations":[{"start":{"line":113,"column":4},"end":{"line":115,"column":5}},{"start":{},"end":{}}],"line":113},"6":{"loc":{"start":{"line":116,"column":4},"end":{"line":118,"column":5}},"type":"if","locations":[{"start":{"line":116,"column":4},"end":{"line":118,"column":5}},{"start":{},"end":{}}],"line":116},"7":{"loc":{"start":{"line":120,"column":4},"end":{"line":155,"column":5}},"type":"if","locations":[{"start":{"line":120,"column":4},"end":{"line":155,"column":5}},{"start":{"line":149,"column":11},"end":{"line":155,"column":5}}],"line":120},"8":{"loc":{"start":{"line":120,"column":8},"end":{"line":120,"column":33}},"type":"binary-expr","locations":[{"start":{"line":120,"column":8},"end":{"line":120,"column":12}},{"start":{"line":120,"column":16},"end":{"line":120,"column":21}},{"start":{"line":120,"column":25},"end":{"line":120,"column":33}}],"line":120},"9":{"loc":{"start":{"line":186,"column":11},"end":{"line":186,"column":51}},"type":"binary-expr","locations":[{"start":{"line":186,"column":11},"end":{"line":186,"column":22}},{"start":{"line":186,"column":26},"end":{"line":186,"column":51}}],"line":186}},"s":{"0":1,"1":0,"2":0,"3":0,"4":0,"5":0,"6":0,"7":0,"8":0,"9":0,"10":0,"11":0,"12":0,"13":0,"14":0,"15":0,"16":0,"17":0,"18":0,"19":0,"20":0,"21":0,"22":0,"23":0,"24":0,"25":0,"26":0,"27":0,"28":0,"29":0,"30":0,"31":0,"32":0,"33":0,"34":0,"35":0,"36":0,"37":0,"38":0,"39":0,"40":0,"41":0,"42":0,"43":0},"f":{"0":0,"1":0,"2":0,"3":0,"4":0,"5":0,"6":0,"7":0,"8":0},"b":{"0":[0,0],"1":[0,0],"2":[0,0,0],"3":[0,0],"4":[0,0],"5":[0,0],"6":[0,0],"7":[0,0],"8":[0,0,0],"9":[0,0]},"_coverageSchema":"1a1c01bbd47fc00a2c39e90264f33305004495a9","hash":"8590817452ee441045bd160856784b781e472056"}
,"/Users/ximing_chen/Desktop/work/Prject-Catwork/fec-catwalk/client/src/components/questions/Answer.jsx": {"path":"/Users/ximing_chen/Desktop/work/Prject-Catwork/fec-catwalk/client/src/components/questions/Answer.jsx","statementMap":{"0":{"start":{"line":5,"column":15},"end":{"line":98,"column":1}},"1":{"start":{"line":7,"column":28},"end":{"line":12,"column":4}},"2":{"start":{"line":15,"column":13},"end":{"line":15,"column":51}},"3":{"start":{"line":18,"column":23},"end":{"line":33,"column":3}},"4":{"start":{"line":19,"column":4},"end":{"line":32,"column":5}},"5":{"start":{"line":20,"column":6},"end":{"line":24,"column":9}},"6":{"start":{"line":27,"column":15},"end":{"line":27,"column":30}},"7":{"start":{"line":28,"column":6},"end":{"line":30,"column":38}},"8":{"start":{"line":29,"column":19},"end":{"line":29,"column":56}},"9":{"start":{"line":30,"column":20},"end":{"line":30,"column":36}},"10":{"start":{"line":36,"column":24},"end":{"line":51,"column":3}},"11":{"start":{"line":38,"column":4},"end":{"line":50,"column":5}},"12":{"start":{"line":39,"column":6},"end":{"line":43,"column":8}},"13":{"start":{"line":44,"column":15},"end":{"line":44,"column":30}},"14":{"start":{"line":46,"column":6},"end":{"line":48,"column":38}},"15":{"start":{"line":47,"column":19},"end":{"line":47,"column":62}},"16":{"start":{"line":48,"column":20},"end":{"line":48,"column":36}},"17":{"start":{"line":54,"column":16},"end":{"line":57,"column":1}},"18":{"start":{"line":59,"column":14},"end":{"line":61,"column":3}},"19":{"start":{"line":64,"column":13},"end":{"line":66,"column":3}},"20":{"start":{"line":68,"column":2},"end":{"line":70,"column":3}},"21":{"start":{"line":69,"column":4},"end":{"line":69,"column":29}},"22":{"start":{"line":73,"column":2},"end":{"line":95,"column":3}},"23":{"start":{"line":75,"column":4},"end":{"line":83,"column":5}},"24":{"start":{"line":86,"column":4},"end":{"line":94,"column":5}},"25":{"start":{"line":89,"column":49},"end":{"line":89,"column":117}}},"fnMap":{"0":{"name":"(anonymous_0)","decl":{"start":{"line":5,"column":15},"end":{"line":5,"column":16}},"loc":{"start":{"line":5,"column":26},"end":{"line":98,"column":1}},"line":5},"1":{"name":"(anonymous_1)","decl":{"start":{"line":18,"column":23},"end":{"line":18,"column":24}},"loc":{"start":{"line":18,"column":29},"end":{"line":33,"column":3}},"line":18},"2":{"name":"(anonymous_2)","decl":{"start":{"line":29,"column":12},"end":{"line":29,"column":13}},"loc":{"start":{"line":29,"column":18},"end":{"line":29,"column":57}},"line":29},"3":{"name":"(anonymous_3)","decl":{"start":{"line":30,"column":13},"end":{"line":30,"column":14}},"loc":{"start":{"line":30,"column":20},"end":{"line":30,"column":36}},"line":30},"4":{"name":"(anonymous_4)","decl":{"start":{"line":36,"column":24},"end":{"line":36,"column":25}},"loc":{"start":{"line":36,"column":30},"end":{"line":51,"column":3}},"line":36},"5":{"name":"(anonymous_5)","decl":{"start":{"line":47,"column":12},"end":{"line":47,"column":13}},"loc":{"start":{"line":47,"column":18},"end":{"line":47,"column":63}},"line":47},"6":{"name":"(anonymous_6)","decl":{"start":{"line":48,"column":13},"end":{"line":48,"column":14}},"loc":{"start":{"line":48,"column":20},"end":{"line":48,"column":36}},"line":48},"7":{"name":"(anonymous_7)","decl":{"start":{"line":89,"column":33},"end":{"line":89,"column":34}},"loc":{"start":{"line":89,"column":49},"end":{"line":89,"column":117}},"line":89}},"branchMap":{"0":{"loc":{"start":{"line":19,"column":4},"end":{"line":32,"column":5}},"type":"if","locations":[{"start":{"line":19,"column":4},"end":{"line":32,"column":5}},{"start":{},"end":{}}],"line":19},"1":{"loc":{"start":{"line":38,"column":4},"end":{"line":50,"column":5}},"type":"if","locations":[{"start":{"line":38,"column":4},"end":{"line":50,"column":5}},{"start":{},"end":{}}],"line":38},"2":{"loc":{"start":{"line":68,"column":2},"end":{"line":70,"column":3}},"type":"if","locations":[{"start":{"line":68,"column":2},"end":{"line":70,"column":3}},{"start":{},"end":{}}],"line":68},"3":{"loc":{"start":{"line":73,"column":2},"end":{"line":95,"column":3}},"type":"if","locations":[{"start":{"line":73,"column":2},"end":{"line":95,"column":3}},{"start":{"line":84,"column":9},"end":{"line":95,"column":3}}],"line":73}},"s":{"0":1,"1":0,"2":0,"3":0,"4":0,"5":0,"6":0,"7":0,"8":0,"9":0,"10":0,"11":0,"12":0,"13":0,"14":0,"15":0,"16":0,"17":0,"18":0,"19":0,"20":0,"21":0,"22":0,"23":0,"24":0,"25":0},"f":{"0":0,"1":0,"2":0,"3":0,"4":0,"5":0,"6":0,"7":0},"b":{"0":[0,0],"1":[0,0],"2":[0,0],"3":[0,0]},"_coverageSchema":"1a1c01bbd47fc00a2c39e90264f33305004495a9","hash":"50e7d733797c9f45a7ca1d5093e85dc1532947fb"}
,"/Users/ximing_chen/Desktop/work/Prject-Catwork/fec-catwalk/client/src/components/questions/Error.jsx": {"path":"/Users/ximing_chen/Desktop/work/Prject-Catwork/fec-catwalk/client/src/components/questions/Error.jsx","statementMap":{"0":{"start":{"line":3,"column":14},"end":{"line":18,"column":1}},"1":{"start":{"line":4,"column":14},"end":{"line":6,"column":3}},"2":{"start":{"line":8,"column":2},"end":{"line":17,"column":3}},"3":{"start":{"line":14,"column":35},"end":{"line":14,"column":63}}},"fnMap":{"0":{"name":"(anonymous_0)","decl":{"start":{"line":3,"column":14},"end":{"line":3,"column":15}},"loc":{"start":{"line":3,"column":25},"end":{"line":18,"column":1}},"line":3},"1":{"name":"(anonymous_1)","decl":{"start":{"line":14,"column":19},"end":{"line":14,"column":20}},"loc":{"start":{"line":14,"column":35},"end":{"line":14,"column":63}},"line":14}},"branchMap":{},"s":{"0":1,"1":0,"2":0,"3":0},"f":{"0":0,"1":0},"b":{},"_coverageSchema":"1a1c01bbd47fc00a2c39e90264f33305004495a9","hash":"9ebef77babfe86eb11919ec53b797f818651b2a4"}
,"/Users/ximing_chen/Desktop/work/Prject-Catwork/fec-catwalk/client/src/components/questions/QuestionItem.jsx": {"path":"/Users/ximing_chen/Desktop/work/Prject-Catwork/fec-catwalk/client/src/components/questions/QuestionItem.jsx","statementMap":{"0":{"start":{"line":6,"column":21},"end":{"line":153,"column":1}},"1":{"start":{"line":8,"column":21},"end":{"line":8,"column":47}},"2":{"start":{"line":10,"column":28},"end":{"line":14,"column":4}},"3":{"start":{"line":16,"column":32},"end":{"line":16,"column":47}},"4":{"start":{"line":19,"column":21},"end":{"line":36,"column":3}},"5":{"start":{"line":20,"column":17},"end":{"line":20,"column":19}},"6":{"start":{"line":22,"column":4},"end":{"line":28,"column":5}},"7":{"start":{"line":22,"column":17},"end":{"line":22,"column":18}},"8":{"start":{"line":23,"column":6},"end":{"line":27,"column":7}},"9":{"start":{"line":24,"column":18},"end":{"line":24,"column":38}},"10":{"start":{"line":25,"column":8},"end":{"line":25,"column":28}},"11":{"start":{"line":26,"column":8},"end":{"line":26,"column":12}},"12":{"start":{"line":31,"column":4},"end":{"line":31,"column":24}},"13":{"start":{"line":33,"column":4},"end":{"line":35,"column":5}},"14":{"start":{"line":33,"column":17},"end":{"line":33,"column":34}},"15":{"start":{"line":34,"column":6},"end":{"line":34,"column":33}},"16":{"start":{"line":38,"column":18},"end":{"line":52,"column":3}},"17":{"start":{"line":40,"column":4},"end":{"line":51,"column":5}},"18":{"start":{"line":41,"column":18},"end":{"line":41,"column":58}},"19":{"start":{"line":42,"column":6},"end":{"line":42,"column":60}},"20":{"start":{"line":45,"column":6},"end":{"line":47,"column":40}},"21":{"start":{"line":46,"column":18},"end":{"line":46,"column":52}},"22":{"start":{"line":47,"column":22},"end":{"line":47,"column":38}},"23":{"start":{"line":50,"column":6},"end":{"line":50,"column":31}},"24":{"start":{"line":55,"column":28},"end":{"line":57,"column":3}},"25":{"start":{"line":56,"column":4},"end":{"line":56,"column":52}},"26":{"start":{"line":60,"column":28},"end":{"line":62,"column":3}},"27":{"start":{"line":61,"column":4},"end":{"line":61,"column":35}},"28":{"start":{"line":65,"column":20},"end":{"line":67,"column":3}},"29":{"start":{"line":66,"column":4},"end":{"line":66,"column":19}},"30":{"start":{"line":69,"column":21},"end":{"line":71,"column":3}},"31":{"start":{"line":70,"column":4},"end":{"line":70,"column":20}},"32":{"start":{"line":74,"column":23},"end":{"line":74,"column":45}},"33":{"start":{"line":77,"column":16},"end":{"line":77,"column":53}},"34":{"start":{"line":80,"column":22},"end":{"line":95,"column":3}},"35":{"start":{"line":81,"column":18},"end":{"line":93,"column":5}},"36":{"start":{"line":82,"column":18},"end":{"line":82,"column":31}},"37":{"start":{"line":83,"column":18},"end":{"line":83,"column":31}},"38":{"start":{"line":84,"column":24},"end":{"line":84,"column":25}},"39":{"start":{"line":86,"column":6},"end":{"line":90,"column":7}},"40":{"start":{"line":87,"column":8},"end":{"line":87,"column":24}},"41":{"start":{"line":89,"column":8},"end":{"line":89,"column":25}},"42":{"start":{"line":92,"column":6},"end":{"line":92,"column":25}},"43":{"start":{"line":94,"column":4},"end":{"line":94,"column":26}},"44":{"start":{"line":97,"column":2},"end":{"line":97,"column":23}},"45":{"start":{"line":100,"column":2},"end":{"line":100,"column":22}},"46":{"start":{"line":103,"column":2},"end":{"line":151,"column":3}},"47":{"start":{"line":105,"column":4},"end":{"line":120,"column":5}},"48":{"start":{"line":106,"column":6},"end":{"line":106,"column":47}},"49":{"start":{"line":108,"column":6},"end":{"line":119,"column":7}},"50":{"start":{"line":116,"column":42},"end":{"line":116,"column":80}},"51":{"start":{"line":123,"column":4},"end":{"line":123,"column":45}},"52":{"start":{"line":125,"column":4},"end":{"line":136,"column":5}},"53":{"start":{"line":133,"column":40},"end":{"line":133,"column":78}},"54":{"start":{"line":138,"column":4},"end":{"line":150,"column":5}},"55":{"start":{"line":146,"column":40},"end":{"line":146,"column":78}}},"fnMap":{"0":{"name":"(anonymous_0)","decl":{"start":{"line":6,"column":21},"end":{"line":6,"column":22}},"loc":{"start":{"line":6,"column":32},"end":{"line":153,"column":1}},"line":6},"1":{"name":"(anonymous_1)","decl":{"start":{"line":19,"column":21},"end":{"line":19,"column":22}},"loc":{"start":{"line":19,"column":34},"end":{"line":36,"column":3}},"line":19},"2":{"name":"(anonymous_2)","decl":{"start":{"line":38,"column":18},"end":{"line":38,"column":19}},"loc":{"start":{"line":38,"column":24},"end":{"line":52,"column":3}},"line":38},"3":{"name":"(anonymous_3)","decl":{"start":{"line":46,"column":12},"end":{"line":46,"column":13}},"loc":{"start":{"line":46,"column":18},"end":{"line":46,"column":52}},"line":46},"4":{"name":"(anonymous_4)","decl":{"start":{"line":47,"column":13},"end":{"line":47,"column":14}},"loc":{"start":{"line":47,"column":22},"end":{"line":47,"column":38}},"line":47},"5":{"name":"(anonymous_5)","decl":{"start":{"line":55,"column":28},"end":{"line":55,"column":29}},"loc":{"start":{"line":55,"column":34},"end":{"line":57,"column":3}},"line":55},"6":{"name":"(anonymous_6)","decl":{"start":{"line":60,"column":28},"end":{"line":60,"column":29}},"loc":{"start":{"line":60,"column":34},"end":{"line":62,"column":3}},"line":60},"7":{"name":"(anonymous_7)","decl":{"start":{"line":65,"column":20},"end":{"line":65,"column":21}},"loc":{"start":{"line":65,"column":26},"end":{"line":67,"column":3}},"line":65},"8":{"name":"(anonymous_8)","decl":{"start":{"line":69,"column":21},"end":{"line":69,"column":22}},"loc":{"start":{"line":69,"column":27},"end":{"line":71,"column":3}},"line":69},"9":{"name":"(anonymous_9)","decl":{"start":{"line":80,"column":22},"end":{"line":80,"column":23}},"loc":{"start":{"line":80,"column":35},"end":{"line":95,"column":3}},"line":80},"10":{"name":"(anonymous_10)","decl":{"start":{"line":81,"column":18},"end":{"line":81,"column":19}},"loc":{"start":{"line":81,"column":28},"end":{"line":93,"column":5}},"line":81},"11":{"name":"(anonymous_11)","decl":{"start":{"line":116,"column":23},"end":{"line":116,"column":24}},"loc":{"start":{"line":116,"column":42},"end":{"line":116,"column":80}},"line":116},"12":{"name":"(anonymous_12)","decl":{"start":{"line":133,"column":21},"end":{"line":133,"column":22}},"loc":{"start":{"line":133,"column":40},"end":{"line":133,"column":78}},"line":133},"13":{"name":"(anonymous_13)","decl":{"start":{"line":146,"column":21},"end":{"line":146,"column":22}},"loc":{"start":{"line":146,"column":40},"end":{"line":146,"column":78}},"line":146}},"branchMap":{"0":{"loc":{"start":{"line":23,"column":6},"end":{"line":27,"column":7}},"type":"if","locations":[{"start":{"line":23,"column":6},"end":{"line":27,"column":7}},{"start":{},"end":{}}],"line":23},"1":{"loc":{"start":{"line":40,"column":4},"end":{"line":51,"column":5}},"type":"if","locations":[{"start":{"line":40,"column":4},"end":{"line":51,"column":5}},{"start":{"line":49,"column":11},"end":{"line":51,"column":5}}],"line":40},"2":{"loc":{"start":{"line":86,"column":6},"end":{"line":90,"column":7}},"type":"if","locations":[{"start":{"line":86,"column":6},"end":{"line":90,"column":7}},{"start":{"line":88,"column":13},"end":{"line":90,"column":7}}],"line":86},"3":{"loc":{"start":{"line":103,"column":2},"end":{"line":151,"column":3}},"type":"if","locations":[{"start":{"line":103,"column":2},"end":{"line":151,"column":3}},{"start":{"line":137,"column":9},"end":{"line":151,"column":3}}],"line":103},"4":{"loc":{"start":{"line":105,"column":4},"end":{"line":120,"column":5}},"type":"if","locations":[{"start":{"line":105,"column":4},"end":{"line":120,"column":5}},{"start":{},"end":{}}],"line":105},"5":{"loc":{"start":{"line":110,"column":11},"end":{"line":110,"column":166}},"type":"binary-expr","locations":[{"start":{"line":110,"column":11},"end":{"line":110,"column":20}},{"start":{"line":110,"column":24},"end":{"line":110,"column":166}}],"line":110},"6":{"loc":{"start":{"line":127,"column":9},"end":{"line":127,"column":164}},"type":"binary-expr","locations":[{"start":{"line":127,"column":9},"end":{"line":127,"column":18}},{"start":{"line":127,"column":22},"end":{"line":127,"column":164}}],"line":127},"7":{"loc":{"start":{"line":140,"column":9},"end":{"line":140,"column":164}},"type":"binary-expr","locations":[{"start":{"line":140,"column":9},"end":{"line":140,"column":18}},{"start":{"line":140,"column":22},"end":{"line":140,"column":164}}],"line":140}},"s":{"0":1,"1":0,"2":0,"3":0,"4":0,"5":0,"6":0,"7":0,"8":0,"9":0,"10":0,"11":0,"12":0,"13":0,"14":0,"15":0,"16":0,"17":0,"18":0,"19":0,"20":0,"21":0,"22":0,"23":0,"24":0,"25":0,"26":0,"27":0,"28":0,"29":0,"30":0,"31":0,"32":0,"33":0,"34":0,"35":0,"36":0,"37":0,"38":0,"39":0,"40":0,"41":0,"42":0,"43":0,"44":0,"45":0,"46":0,"47":0,"48":0,"49":0,"50":0,"51":0,"52":0,"53":0,"54":0,"55":0},"f":{"0":0,"1":0,"2":0,"3":0,"4":0,"5":0,"6":0,"7":0,"8":0,"9":0,"10":0,"11":0,"12":0,"13":0},"b":{"0":[0,0],"1":[0,0],"2":[0,0],"3":[0,0],"4":[0,0],"5":[0,0],"6":[0,0],"7":[0,0]},"_coverageSchema":"1a1c01bbd47fc00a2c39e90264f33305004495a9","hash":"92d24e42c2ca20802776b480664548d6b86b0b95"}
,"/Users/ximing_chen/Desktop/work/Prject-Catwork/fec-catwalk/client/src/components/questions/QuestionList.jsx": {"path":"/Users/ximing_chen/Desktop/work/Prject-Catwork/fec-catwalk/client/src/components/questions/QuestionList.jsx","statementMap":{"0":{"start":{"line":8,"column":12},"end":{"line":8,"column":35}},"1":{"start":{"line":10,"column":21},"end":{"line":174,"column":1}},"2":{"start":{"line":12,"column":28},"end":{"line":19,"column":3}},"3":{"start":{"line":21,"column":20},"end":{"line":21,"column":28}},"4":{"start":{"line":22,"column":20},"end":{"line":22,"column":30}},"5":{"start":{"line":24,"column":18},"end":{"line":36,"column":3}},"6":{"start":{"line":25,"column":4},"end":{"line":25,"column":32}},"7":{"start":{"line":27,"column":4},"end":{"line":35,"column":64}},"8":{"start":{"line":29,"column":6},"end":{"line":33,"column":8}},"9":{"start":{"line":35,"column":18},"end":{"line":35,"column":63}},"10":{"start":{"line":38,"column":2},"end":{"line":38,"column":25}},"11":{"start":{"line":40,"column":23},"end":{"line":61,"column":3}},"12":{"start":{"line":42,"column":4},"end":{"line":60,"column":5}},"13":{"start":{"line":44,"column":6},"end":{"line":53,"column":8}},"14":{"start":{"line":47,"column":10},"end":{"line":51,"column":11}},"15":{"start":{"line":48,"column":12},"end":{"line":48,"column":28}},"16":{"start":{"line":49,"column":17},"end":{"line":51,"column":11}},"17":{"start":{"line":50,"column":12},"end":{"line":50,"column":28}},"18":{"start":{"line":55,"column":6},"end":{"line":55,"column":34}},"19":{"start":{"line":56,"column":6},"end":{"line":59,"column":8}},"20":{"start":{"line":63,"column":24},"end":{"line":80,"column":3}},"21":{"start":{"line":65,"column":18},"end":{"line":76,"column":5}},"22":{"start":{"line":66,"column":18},"end":{"line":66,"column":40}},"23":{"start":{"line":67,"column":18},"end":{"line":67,"column":40}},"24":{"start":{"line":69,"column":24},"end":{"line":69,"column":25}},"25":{"start":{"line":70,"column":6},"end":{"line":74,"column":7}},"26":{"start":{"line":71,"column":8},"end":{"line":71,"column":24}},"27":{"start":{"line":73,"column":8},"end":{"line":73,"column":25}},"28":{"start":{"line":75,"column":6},"end":{"line":75,"column":25}},"29":{"start":{"line":78,"column":4},"end":{"line":78,"column":35}},"30":{"start":{"line":84,"column":26},"end":{"line":89,"column":3}},"31":{"start":{"line":85,"column":4},"end":{"line":88,"column":7}},"32":{"start":{"line":91,"column":27},"end":{"line":96,"column":3}},"33":{"start":{"line":92,"column":4},"end":{"line":95,"column":7}},"34":{"start":{"line":99,"column":22},"end":{"line":107,"column":3}},"35":{"start":{"line":100,"column":20},"end":{"line":100,"column":30}},"36":{"start":{"line":101,"column":4},"end":{"line":101,"column":32}},"37":{"start":{"line":103,"column":4},"end":{"line":106,"column":6}},"38":{"start":{"line":109,"column":35},"end":{"line":111,"column":3}},"39":{"start":{"line":110,"column":4},"end":{"line":110,"column":52}},"40":{"start":{"line":115,"column":17},"end":{"line":118,"column":3}},"41":{"start":{"line":121,"column":13},"end":{"line":121,"column":23}},"42":{"start":{"line":124,"column":2},"end":{"line":173,"column":3}},"43":{"start":{"line":125,"column":4},"end":{"line":133,"column":5}},"44":{"start":{"line":137,"column":4},"end":{"line":137,"column":24}},"45":{"start":{"line":140,"column":4},"end":{"line":155,"column":5}},"46":{"start":{"line":141,"column":6},"end":{"line":141,"column":41}},"47":{"start":{"line":143,"column":4},"end":{"line":154,"column":6}},"48":{"start":{"line":148,"column":41},"end":{"line":148,"column":125}},"49":{"start":{"line":160,"column":4},"end":{"line":160,"column":39}},"50":{"start":{"line":162,"column":4},"end":{"line":172,"column":6}},"51":{"start":{"line":167,"column":41},"end":{"line":167,"column":125}}},"fnMap":{"0":{"name":"(anonymous_0)","decl":{"start":{"line":10,"column":21},"end":{"line":10,"column":22}},"loc":{"start":{"line":10,"column":32},"end":{"line":174,"column":1}},"line":10},"1":{"name":"(anonymous_1)","decl":{"start":{"line":24,"column":18},"end":{"line":24,"column":19}},"loc":{"start":{"line":24,"column":24},"end":{"line":36,"column":3}},"line":24},"2":{"name":"(anonymous_2)","decl":{"start":{"line":28,"column":10},"end":{"line":28,"column":11}},"loc":{"start":{"line":28,"column":17},"end":{"line":34,"column":5}},"line":28},"3":{"name":"(anonymous_3)","decl":{"start":{"line":35,"column":11},"end":{"line":35,"column":12}},"loc":{"start":{"line":35,"column":18},"end":{"line":35,"column":63}},"line":35},"4":{"name":"(anonymous_4)","decl":{"start":{"line":40,"column":23},"end":{"line":40,"column":24}},"loc":{"start":{"line":40,"column":33},"end":{"line":61,"column":3}},"line":40},"5":{"name":"(anonymous_5)","decl":{"start":{"line":46,"column":32},"end":{"line":46,"column":33}},"loc":{"start":{"line":46,"column":46},"end":{"line":52,"column":9}},"line":46},"6":{"name":"(anonymous_6)","decl":{"start":{"line":63,"column":24},"end":{"line":63,"column":25}},"loc":{"start":{"line":63,"column":39},"end":{"line":80,"column":3}},"line":63},"7":{"name":"(anonymous_7)","decl":{"start":{"line":65,"column":18},"end":{"line":65,"column":19}},"loc":{"start":{"line":65,"column":28},"end":{"line":76,"column":5}},"line":65},"8":{"name":"(anonymous_8)","decl":{"start":{"line":84,"column":26},"end":{"line":84,"column":27}},"loc":{"start":{"line":84,"column":32},"end":{"line":89,"column":3}},"line":84},"9":{"name":"(anonymous_9)","decl":{"start":{"line":91,"column":27},"end":{"line":91,"column":28}},"loc":{"start":{"line":91,"column":33},"end":{"line":96,"column":3}},"line":91},"10":{"name":"(anonymous_10)","decl":{"start":{"line":99,"column":22},"end":{"line":99,"column":23}},"loc":{"start":{"line":99,"column":39},"end":{"line":107,"column":3}},"line":99},"11":{"name":"(anonymous_11)","decl":{"start":{"line":109,"column":35},"end":{"line":109,"column":36}},"loc":{"start":{"line":109,"column":41},"end":{"line":111,"column":3}},"line":109},"12":{"name":"(anonymous_12)","decl":{"start":{"line":148,"column":20},"end":{"line":148,"column":21}},"loc":{"start":{"line":148,"column":41},"end":{"line":148,"column":125}},"line":148},"13":{"name":"(anonymous_13)","decl":{"start":{"line":167,"column":20},"end":{"line":167,"column":21}},"loc":{"start":{"line":167,"column":41},"end":{"line":167,"column":125}},"line":167}},"branchMap":{"0":{"loc":{"start":{"line":42,"column":4},"end":{"line":60,"column":5}},"type":"if","locations":[{"start":{"line":42,"column":4},"end":{"line":60,"column":5}},{"start":{"line":54,"column":11},"end":{"line":60,"column":5}}],"line":42},"1":{"loc":{"start":{"line":47,"column":10},"end":{"line":51,"column":11}},"type":"if","locations":[{"start":{"line":47,"column":10},"end":{"line":51,"column":11}},{"start":{"line":49,"column":17},"end":{"line":51,"column":11}}],"line":47},"2":{"loc":{"start":{"line":49,"column":17},"end":{"line":51,"column":11}},"type":"if","locations":[{"start":{"line":49,"column":17},"end":{"line":51,"column":11}},{"start":{},"end":{}}],"line":49},"3":{"loc":{"start":{"line":70,"column":6},"end":{"line":74,"column":7}},"type":"if","locations":[{"start":{"line":70,"column":6},"end":{"line":74,"column":7}},{"start":{"line":72,"column":13},"end":{"line":74,"column":7}}],"line":70},"4":{"loc":{"start":{"line":124,"column":2},"end":{"line":173,"column":3}},"type":"if","locations":[{"start":{"line":124,"column":2},"end":{"line":173,"column":3}},{"start":{"line":134,"column":9},"end":{"line":173,"column":3}}],"line":124},"5":{"loc":{"start":{"line":131,"column":9},"end":{"line":131,"column":141}},"type":"binary-expr","locations":[{"start":{"line":131,"column":9},"end":{"line":131,"column":24}},{"start":{"line":131,"column":28},"end":{"line":131,"column":141}}],"line":131},"6":{"loc":{"start":{"line":140,"column":4},"end":{"line":155,"column":5}},"type":"if","locations":[{"start":{"line":140,"column":4},"end":{"line":155,"column":5}},{"start":{},"end":{}}],"line":140},"7":{"loc":{"start":{"line":151,"column":10},"end":{"line":151,"column":142}},"type":"binary-expr","locations":[{"start":{"line":151,"column":10},"end":{"line":151,"column":25}},{"start":{"line":151,"column":29},"end":{"line":151,"column":142}}],"line":151},"8":{"loc":{"start":{"line":170,"column":9},"end":{"line":170,"column":141}},"type":"binary-expr","locations":[{"start":{"line":170,"column":9},"end":{"line":170,"column":24}},{"start":{"line":170,"column":28},"end":{"line":170,"column":141}}],"line":170}},"s":{"0":1,"1":1,"2":0,"3":0,"4":0,"5":0,"6":0,"7":0,"8":0,"9":0,"10":0,"11":0,"12":0,"13":0,"14":0,"15":0,"16":0,"17":0,"18":0,"19":0,"20":0,"21":0,"22":0,"23":0,"24":0,"25":0,"26":0,"27":0,"28":0,"29":0,"30":0,"31":0,"32":0,"33":0,"34":0,"35":0,"36":0,"37":0,"38":0,"39":0,"40":0,"41":0,"42":0,"43":0,"44":0,"45":0,"46":0,"47":0,"48":0,"49":0,"50":0,"51":0},"f":{"0":0,"1":0,"2":0,"3":0,"4":0,"5":0,"6":0,"7":0,"8":0,"9":0,"10":0,"11":0,"12":0,"13":0},"b":{"0":[0,0],"1":[0,0],"2":[0,0],"3":[0,0],"4":[0,0],"5":[0,0],"6":[0,0],"7":[0,0],"8":[0,0]},"_coverageSchema":"1a1c01bbd47fc00a2c39e90264f33305004495a9","hash":"64ba76e6d0ce18a4b0b82571a73c3290eeadd15b"}
,"/Users/ximing_chen/Desktop/work/Prject-Catwork/fec-catwalk/client/src/components/questions/Search.jsx": {"path":"/Users/ximing_chen/Desktop/work/Prject-Catwork/fec-catwalk/client/src/components/questions/Search.jsx","statementMap":{"0":{"start":{"line":4,"column":15},"end":{"line":27,"column":1}},"1":{"start":{"line":7,"column":22},"end":{"line":12,"column":3}},"2":{"start":{"line":9,"column":15},"end":{"line":9,"column":29}},"3":{"start":{"line":10,"column":4},"end":{"line":10,"column":23}},"4":{"start":{"line":15,"column":22},"end":{"line":19,"column":3}},"5":{"start":{"line":22,"column":2},"end":{"line":26,"column":3}}},"fnMap":{"0":{"name":"(anonymous_0)","decl":{"start":{"line":4,"column":15},"end":{"line":4,"column":16}},"loc":{"start":{"line":4,"column":26},"end":{"line":27,"column":1}},"line":4},"1":{"name":"(anonymous_1)","decl":{"start":{"line":7,"column":22},"end":{"line":7,"column":23}},"loc":{"start":{"line":7,"column":29},"end":{"line":12,"column":3}},"line":7}},"branchMap":{},"s":{"0":1,"1":0,"2":0,"3":0,"4":0,"5":0},"f":{"0":0,"1":0},"b":{},"_coverageSchema":"1a1c01bbd47fc00a2c39e90264f33305004495a9","hash":"c4b257a7ccb029449f162b086928f80cb7823803"}
}
