{"/Users/oceanli/Desktop/WorkHR/fec-catwalk/client/src/components/review/reviewmain/StarRating.jsx": {"path":"/Users/oceanli/Desktop/WorkHR/fec-catwalk/client/src/components/review/reviewmain/StarRating.jsx","statementMap":{"0":{"start":{"line":3,"column":19},"end":{"line":20,"column":1}},"1":{"start":{"line":6,"column":27},"end":{"line":8,"column":3}},"2":{"start":{"line":10,"column":2},"end":{"line":19,"column":3}}},"fnMap":{"0":{"name":"(anonymous_0)","decl":{"start":{"line":3,"column":19},"end":{"line":3,"column":20}},"loc":{"start":{"line":3,"column":30},"end":{"line":20,"column":1}},"line":3}},"branchMap":{},"s":{"0":1,"1":0,"2":0},"f":{"0":0},"b":{},"_coverageSchema":"1a1c01bbd47fc00a2c39e90264f33305004495a9","hash":"31a2c21a608f5aed640a77046a42ddce7ac3c67d"}
,"/Users/oceanli/Desktop/WorkHR/fec-catwalk/client/src/components/review/reviewtile/ReviewTile.jsx": {"path":"/Users/oceanli/Desktop/WorkHR/fec-catwalk/client/src/components/review/reviewtile/ReviewTile.jsx","statementMap":{"0":{"start":{"line":7,"column":40},"end":{"line":7,"column":74}},"1":{"start":{"line":8,"column":38},"end":{"line":8,"column":52}},"2":{"start":{"line":10,"column":21},"end":{"line":17,"column":3}},"3":{"start":{"line":18,"column":20},"end":{"line":23,"column":3}},"4":{"start":{"line":25,"column":20},"end":{"line":33,"column":3}},"5":{"start":{"line":35,"column":25},"end":{"line":39,"column":3}},"6":{"start":{"line":41,"column":22},"end":{"line":52,"column":3}},"7":{"start":{"line":42,"column":4},"end":{"line":51,"column":5}},"8":{"start":{"line":43,"column":6},"end":{"line":48,"column":8}},"9":{"start":{"line":45,"column":8},"end":{"line":45,"column":40}},"10":{"start":{"line":46,"column":8},"end":{"line":46,"column":59}},"11":{"start":{"line":47,"column":8},"end":{"line":47,"column":65}},"12":{"start":{"line":50,"column":6},"end":{"line":50,"column":77}},"13":{"start":{"line":54,"column":23},"end":{"line":60,"column":3}},"14":{"start":{"line":55,"column":4},"end":{"line":59,"column":6}},"15":{"start":{"line":57,"column":6},"end":{"line":57,"column":27}},"16":{"start":{"line":58,"column":6},"end":{"line":58,"column":74}},"17":{"start":{"line":62,"column":2},"end":{"line":93,"column":4}},"18":{"start":{"line":76,"column":10},"end":{"line":76,"column":80}}},"fnMap":{"0":{"name":"ReviewTile","decl":{"start":{"line":6,"column":9},"end":{"line":6,"column":19}},"loc":{"start":{"line":6,"column":27},"end":{"line":94,"column":1}},"line":6},"1":{"name":"(anonymous_1)","decl":{"start":{"line":41,"column":22},"end":{"line":41,"column":23}},"loc":{"start":{"line":41,"column":28},"end":{"line":52,"column":3}},"line":41},"2":{"name":"(anonymous_2)","decl":{"start":{"line":44,"column":12},"end":{"line":44,"column":13}},"loc":{"start":{"line":44,"column":18},"end":{"line":48,"column":7}},"line":44},"3":{"name":"(anonymous_3)","decl":{"start":{"line":54,"column":23},"end":{"line":54,"column":24}},"loc":{"start":{"line":54,"column":29},"end":{"line":60,"column":3}},"line":54},"4":{"name":"(anonymous_4)","decl":{"start":{"line":56,"column":10},"end":{"line":56,"column":11}},"loc":{"start":{"line":56,"column":16},"end":{"line":59,"column":5}},"line":56},"5":{"name":"(anonymous_5)","decl":{"start":{"line":75,"column":33},"end":{"line":75,"column":34}},"loc":{"start":{"line":76,"column":10},"end":{"line":76,"column":80}},"line":76}},"branchMap":{"0":{"loc":{"start":{"line":16,"column":13},"end":{"line":16,"column":42}},"type":"cond-expr","locations":[{"start":{"line":16,"column":26},"end":{"line":16,"column":33}},{"start":{"line":16,"column":36},"end":{"line":16,"column":42}}],"line":16},"1":{"loc":{"start":{"line":42,"column":4},"end":{"line":51,"column":5}},"type":"if","locations":[{"start":{"line":42,"column":4},"end":{"line":51,"column":5}},{"start":{"line":49,"column":11},"end":{"line":51,"column":5}}],"line":42},"2":{"loc":{"start":{"line":71,"column":8},"end":{"line":71,"column":119}},"type":"cond-expr","locations":[{"start":{"line":71,"column":33},"end":{"line":71,"column":112}},{"start":{"line":71,"column":115},"end":{"line":71,"column":119}}],"line":71},"3":{"loc":{"start":{"line":73,"column":8},"end":{"line":78,"column":19}},"type":"cond-expr","locations":[{"start":{"line":74,"column":6},"end":{"line":78,"column":12}},{"start":{"line":78,"column":15},"end":{"line":78,"column":19}}],"line":73},"4":{"loc":{"start":{"line":80,"column":8},"end":{"line":80,"column":114}},"type":"cond-expr","locations":[{"start":{"line":80,"column":32},"end":{"line":80,"column":107}},{"start":{"line":80,"column":110},"end":{"line":80,"column":114}}],"line":80}},"s":{"0":1,"1":1,"2":1,"3":1,"4":1,"5":1,"6":1,"7":0,"8":0,"9":0,"10":0,"11":0,"12":0,"13":1,"14":0,"15":0,"16":0,"17":1,"18":3},"f":{"0":1,"1":0,"2":0,"3":0,"4":0,"5":3},"b":{"0":[1,0],"1":[0,0],"2":[1,0],"3":[1,0],"4":[0,1]},"_coverageSchema":"1a1c01bbd47fc00a2c39e90264f33305004495a9","hash":"cc5e9cf53321a00332ad5c10bf432e82818e4366"}
}
