TN:
SF:client/src/components/questions/AddAnswerModal.jsx
FN:8,(anonymous_0)
FN:54,(anonymous_1)
FN:59,(anonymous_2)
FN:65,(anonymous_3)
FN:72,(anonymous_4)
FN:79,(anonymous_5)
FN:88,(anonymous_6)
FN:104,(anonymous_7)
FN:134,(anonymous_8)
FN:135,(anonymous_9)
FNF:10
FNH:0
FNDA:0,(anonymous_0)
FNDA:0,(anonymous_1)
FNDA:0,(anonymous_2)
FNDA:0,(anonymous_3)
FNDA:0,(anonymous_4)
FNDA:0,(anonymous_5)
FNDA:0,(anonymous_6)
FNDA:0,(anonymous_7)
FNDA:0,(anonymous_8)
FNDA:0,(anonymous_9)
DA:6,1
DA:8,1
DA:10,0
DA:12,0
DA:14,0
DA:22,0
DA:32,0
DA:42,0
DA:48,0
DA:54,0
DA:55,0
DA:59,0
DA:60,0
DA:61,0
DA:65,0
DA:66,0
DA:72,0
DA:73,0
DA:79,0
DA:80,0
DA:88,0
DA:89,0
DA:91,0
DA:92,0
DA:93,0
DA:95,0
DA:96,0
DA:99,0
DA:104,0
DA:105,0
DA:107,0
DA:108,0
DA:109,0
DA:110,0
DA:112,0
DA:113,0
DA:115,0
DA:116,0
DA:118,0
DA:119,0
DA:122,0
DA:124,0
DA:133,0
DA:134,0
DA:135,0
DA:138,0
DA:141,0
DA:144,0
DA:152,0
LF:49
LH:2
BRDA:91,0,0,0
BRDA:91,0,1,0
BRDA:92,1,0,0
BRDA:92,1,1,0
BRDA:92,2,0,0
BRDA:92,2,1,0
BRDA:95,3,0,0
BRDA:95,3,1,0
BRDA:112,4,0,0
BRDA:112,4,1,0
BRDA:115,5,0,0
BRDA:115,5,1,0
BRDA:118,6,0,0
BRDA:118,6,1,0
BRDA:122,7,0,0
BRDA:122,7,1,0
BRDA:122,8,0,0
BRDA:122,8,1,0
BRDA:122,8,2,0
BRDA:179,9,0,0
BRDA:179,9,1,0
BRF:21
BRH:0
end_of_record
TN:
SF:client/src/components/questions/AddQuestionModal.jsx
FN:5,(anonymous_0)
FN:53,(anonymous_1)
FN:59,(anonymous_2)
FN:66,(anonymous_3)
FN:75,(anonymous_4)
FN:85,(anonymous_5)
FN:101,(anonymous_6)
FN:140,(anonymous_7)
FN:144,(anonymous_8)
FNF:9
FNH:0
FNDA:0,(anonymous_0)
FNDA:0,(anonymous_1)
FNDA:0,(anonymous_2)
FNDA:0,(anonymous_3)
FNDA:0,(anonymous_4)
FNDA:0,(anonymous_5)
FNDA:0,(anonymous_6)
FNDA:0,(anonymous_7)
FNDA:0,(anonymous_8)
DA:5,1
DA:7,0
DA:15,0
DA:18,0
DA:28,0
DA:38,0
DA:42,0
DA:47,0
DA:53,0
DA:54,0
DA:59,0
DA:60,0
DA:66,0
DA:67,0
DA:75,0
DA:76,0
DA:85,0
DA:86,0
DA:88,0
DA:89,0
DA:90,0
DA:92,0
DA:93,0
DA:96,0
DA:101,0
DA:102,0
DA:104,0
DA:105,0
DA:106,0
DA:107,0
DA:109,0
DA:110,0
DA:113,0
DA:114,0
DA:116,0
DA:117,0
DA:120,0
DA:132,0
DA:139,0
DA:141,0
DA:144,0
DA:147,0
DA:150,0
DA:159,0
LF:44
LH:1
BRDA:88,0,0,0
BRDA:88,0,1,0
BRDA:89,1,0,0
BRDA:89,1,1,0
BRDA:89,2,0,0
BRDA:89,2,1,0
BRDA:89,2,2,0
BRDA:92,3,0,0
BRDA:92,3,1,0
BRDA:109,4,0,0
BRDA:109,4,1,0
BRDA:113,5,0,0
BRDA:113,5,1,0
BRDA:116,6,0,0
BRDA:116,6,1,0
BRDA:120,7,0,0
BRDA:120,7,1,0
BRDA:120,8,0,0
BRDA:120,8,1,0
BRDA:120,8,2,0
BRDA:186,9,0,0
BRDA:186,9,1,0
BRF:22
BRH:0
end_of_record
TN:
SF:client/src/components/questions/Answer.jsx
FN:5,(anonymous_0)
FN:18,(anonymous_1)
FN:29,(anonymous_2)
FN:30,(anonymous_3)
FN:36,(anonymous_4)
FN:47,(anonymous_5)
FN:48,(anonymous_6)
FN:89,(anonymous_7)
FNF:8
FNH:0
FNDA:0,(anonymous_0)
FNDA:0,(anonymous_1)
FNDA:0,(anonymous_2)
FNDA:0,(anonymous_3)
FNDA:0,(anonymous_4)
FNDA:0,(anonymous_5)
FNDA:0,(anonymous_6)
FNDA:0,(anonymous_7)
DA:5,1
DA:7,0
DA:15,0
DA:18,0
DA:19,0
DA:20,0
DA:27,0
DA:28,0
DA:29,0
DA:30,0
DA:36,0
DA:38,0
DA:39,0
DA:44,0
DA:46,0
DA:47,0
DA:48,0
DA:54,0
DA:59,0
DA:64,0
DA:68,0
DA:69,0
DA:73,0
DA:75,0
DA:86,0
DA:89,0
LF:26
LH:1
BRDA:19,0,0,0
BRDA:19,0,1,0
BRDA:38,1,0,0
BRDA:38,1,1,0
BRDA:68,2,0,0
BRDA:68,2,1,0
BRDA:73,3,0,0
BRDA:73,3,1,0
BRF:8
BRH:0
end_of_record
TN:
SF:client/src/components/questions/Error.jsx
FN:3,(anonymous_0)
FN:14,(anonymous_1)
FNF:2
FNH:0
FNDA:0,(anonymous_0)
FNDA:0,(anonymous_1)
DA:3,1
DA:4,0
DA:8,0
DA:14,0
LF:4
LH:1
BRF:0
BRH:0
end_of_record
TN:
SF:client/src/components/questions/QuestionItem.jsx
FN:6,(anonymous_0)
FN:19,(anonymous_1)
FN:38,(anonymous_2)
FN:46,(anonymous_3)
FN:47,(anonymous_4)
FN:55,(anonymous_5)
FN:60,(anonymous_6)
FN:65,(anonymous_7)
FN:69,(anonymous_8)
FN:80,(anonymous_9)
FN:81,(anonymous_10)
FN:116,(anonymous_11)
FN:133,(anonymous_12)
FN:146,(anonymous_13)
FNF:14
FNH:0
FNDA:0,(anonymous_0)
FNDA:0,(anonymous_1)
FNDA:0,(anonymous_2)
FNDA:0,(anonymous_3)
FNDA:0,(anonymous_4)
FNDA:0,(anonymous_5)
FNDA:0,(anonymous_6)
FNDA:0,(anonymous_7)
FNDA:0,(anonymous_8)
FNDA:0,(anonymous_9)
FNDA:0,(anonymous_10)
FNDA:0,(anonymous_11)
FNDA:0,(anonymous_12)
FNDA:0,(anonymous_13)
DA:6,1
DA:8,0
DA:10,0
DA:16,0
DA:19,0
DA:20,0
DA:22,0
DA:23,0
DA:24,0
DA:25,0
DA:26,0
DA:31,0
DA:33,0
DA:34,0
DA:38,0
DA:40,0
DA:41,0
DA:42,0
DA:45,0
DA:46,0
DA:47,0
DA:50,0
DA:55,0
DA:56,0
DA:60,0
DA:61,0
DA:65,0
DA:66,0
DA:69,0
DA:70,0
DA:74,0
DA:77,0
DA:80,0
DA:81,0
DA:82,0
DA:83,0
DA:84,0
DA:86,0
DA:87,0
DA:89,0
DA:92,0
DA:94,0
DA:97,0
DA:100,0
DA:103,0
DA:105,0
DA:106,0
DA:108,0
DA:116,0
DA:123,0
DA:125,0
DA:133,0
DA:138,0
DA:146,0
LF:54
LH:1
BRDA:23,0,0,0
BRDA:23,0,1,0
BRDA:40,1,0,0
BRDA:40,1,1,0
BRDA:86,2,0,0
BRDA:86,2,1,0
BRDA:103,3,0,0
BRDA:103,3,1,0
BRDA:105,4,0,0
BRDA:105,4,1,0
BRDA:110,5,0,0
BRDA:110,5,1,0
BRDA:127,6,0,0
BRDA:127,6,1,0
BRDA:140,7,0,0
BRDA:140,7,1,0
BRF:16
BRH:0
end_of_record
TN:
SF:client/src/components/questions/QuestionList.jsx
FN:10,(anonymous_0)
FN:24,(anonymous_1)
FN:28,(anonymous_2)
FN:35,(anonymous_3)
FN:40,(anonymous_4)
FN:46,(anonymous_5)
FN:63,(anonymous_6)
FN:65,(anonymous_7)
FN:84,(anonymous_8)
FN:91,(anonymous_9)
FN:99,(anonymous_10)
FN:109,(anonymous_11)
FN:148,(anonymous_12)
FN:167,(anonymous_13)
FNF:14
FNH:0
FNDA:0,(anonymous_0)
FNDA:0,(anonymous_1)
FNDA:0,(anonymous_2)
FNDA:0,(anonymous_3)
FNDA:0,(anonymous_4)
FNDA:0,(anonymous_5)
FNDA:0,(anonymous_6)
FNDA:0,(anonymous_7)
FNDA:0,(anonymous_8)
FNDA:0,(anonymous_9)
FNDA:0,(anonymous_10)
FNDA:0,(anonymous_11)
FNDA:0,(anonymous_12)
FNDA:0,(anonymous_13)
DA:8,1
DA:10,1
DA:12,0
DA:21,0
DA:22,0
DA:24,0
DA:25,0
DA:27,0
DA:29,0
DA:35,0
DA:38,0
DA:40,0
DA:42,0
DA:44,0
DA:47,0
DA:48,0
DA:49,0
DA:50,0
DA:55,0
DA:56,0
DA:63,0
DA:65,0
DA:66,0
DA:67,0
DA:69,0
DA:70,0
DA:71,0
DA:73,0
DA:75,0
DA:78,0
DA:84,0
DA:85,0
DA:91,0
DA:92,0
DA:99,0
DA:100,0
DA:101,0
DA:103,0
DA:109,0
DA:110,0
DA:115,0
DA:121,0
DA:124,0
DA:125,0
DA:137,0
DA:140,0
DA:141,0
DA:143,0
DA:148,0
DA:160,0
DA:162,0
DA:167,0
LF:52
LH:2
BRDA:42,0,0,0
BRDA:42,0,1,0
BRDA:47,1,0,0
BRDA:47,1,1,0
BRDA:49,2,0,0
BRDA:49,2,1,0
BRDA:70,3,0,0
BRDA:70,3,1,0
BRDA:124,4,0,0
BRDA:124,4,1,0
BRDA:131,5,0,0
BRDA:131,5,1,0
BRDA:140,6,0,0
BRDA:140,6,1,0
BRDA:151,7,0,0
BRDA:151,7,1,0
BRDA:170,8,0,0
BRDA:170,8,1,0
BRF:18
BRH:0
end_of_record
TN:
SF:client/src/components/questions/Search.jsx
FN:4,(anonymous_0)
FN:7,(anonymous_1)
FNF:2
FNH:0
FNDA:0,(anonymous_0)
FNDA:0,(anonymous_1)
DA:4,1
DA:7,0
DA:9,0
DA:10,0
DA:15,0
DA:22,0
LF:6
LH:1
BRF:0
BRH:0
end_of_record
