TN:
SF:client/dist/css_animations/horizontalScroll.js
FN:8,(anonymous_0)
FNF:1
FNH:0
FNDA:0,(anonymous_0)
DA:8,1
DA:9,0
DA:10,0
DA:11,0
DA:13,0
LF:5
LH:1
BRDA:10,0,0,0
BRDA:10,0,1,0
BRF:2
BRH:0
end_of_record
TN:
SF:client/src/components/ThemeContext.js
FNF:0
FNH:0
DA:5,1
LF:1
LH:1
BRF:0
BRH:0
end_of_record
TN:
SF:client/src/components/useOutsideClick.js
FN:3,(anonymous_0)
FN:4,(anonymous_1)
FN:10,(anonymous_2)
FN:13,(anonymous_3)
FNF:4
FNH:0
FNDA:0,(anonymous_0)
FNDA:0,(anonymous_1)
FNDA:0,(anonymous_2)
FNDA:0,(anonymous_3)
DA:3,1
DA:4,0
DA:5,0
DA:6,0
DA:10,0
DA:11,0
DA:13,0
DA:14,0
LF:8
LH:1
BRDA:5,0,0,0
BRDA:5,0,1,0
BRDA:5,1,0,0
BRDA:5,1,1,0
BRF:4
BRH:0
end_of_record
TN:
SF:client/src/components/questions/AddAnswerModal.jsx
FN:8,(anonymous_0)
FN:53,(anonymous_1)
FN:58,(anonymous_2)
FN:77,(anonymous_3)
FN:84,(anonymous_4)
FN:91,(anonymous_5)
FN:100,(anonymous_6)
FN:116,(anonymous_7)
FN:150,(anonymous_8)
FN:155,(anonymous_9)
FN:195,(anonymous_10)
FNF:11
FNH:1
FNDA:3,(anonymous_0)
FNDA:0,(anonymous_1)
FNDA:0,(anonymous_2)
FNDA:0,(anonymous_3)
FNDA:0,(anonymous_4)
FNDA:0,(anonymous_5)
FNDA:0,(anonymous_6)
FNDA:0,(anonymous_7)
FNDA:0,(anonymous_8)
FNDA:0,(anonymous_9)
FNDA:0,(anonymous_10)
DA:6,1
DA:8,1
DA:10,3
DA:12,3
DA:14,3
DA:22,3
DA:32,3
DA:41,3
DA:47,3
DA:53,3
DA:54,0
DA:58,3
DA:59,0
DA:60,0
DA:61,0
DA:63,0
DA:64,0
DA:67,0
DA:68,0
DA:69,0
DA:72,0
DA:77,3
DA:78,0
DA:84,3
DA:85,0
DA:91,3
DA:92,0
DA:100,3
DA:101,0
DA:103,0
DA:104,0
DA:105,0
DA:107,0
DA:108,0
DA:111,0
DA:116,3
DA:117,0
DA:119,0
DA:120,0
DA:121,0
DA:122,0
DA:124,0
DA:125,0
DA:127,0
DA:128,0
DA:130,0
DA:131,0
DA:134,0
DA:136,0
DA:144,0
DA:145,0
DA:149,0
DA:151,0
DA:152,0
DA:153,0
DA:155,0
DA:164,0
DA:172,3
DA:195,0
LF:59
LH:17
BRDA:63,0,0,0
BRDA:63,0,1,0
BRDA:103,1,0,0
BRDA:103,1,1,0
BRDA:104,2,0,0
BRDA:104,2,1,0
BRDA:104,3,0,0
BRDA:104,3,1,0
BRDA:107,4,0,0
BRDA:107,4,1,0
BRDA:124,5,0,0
BRDA:124,5,1,0
BRDA:127,6,0,0
BRDA:127,6,1,0
BRDA:130,7,0,0
BRDA:130,7,1,0
BRDA:134,8,0,0
BRDA:134,8,1,0
BRDA:134,9,0,0
BRDA:134,9,1,0
BRDA:134,9,2,0
BRDA:144,10,0,0
BRDA:144,10,1,0
BRDA:195,11,0,3
BRDA:195,11,1,0
BRDA:200,12,0,3
BRDA:200,12,1,0
BRF:27
BRH:2
end_of_record
TN:
SF:client/src/components/questions/AddQuestionModal.jsx
FN:5,(anonymous_0)
FN:35,(anonymous_1)
FN:41,(anonymous_2)
FN:48,(anonymous_3)
FN:57,(anonymous_4)
FN:67,(anonymous_5)
FN:83,(anonymous_6)
FN:122,(anonymous_7)
FN:127,(anonymous_8)
FNF:9
FNH:1
FNDA:2,(anonymous_0)
FNDA:0,(anonymous_1)
FNDA:0,(anonymous_2)
FNDA:0,(anonymous_3)
FNDA:0,(anonymous_4)
FNDA:0,(anonymous_5)
FNDA:0,(anonymous_6)
FNDA:0,(anonymous_7)
FNDA:0,(anonymous_8)
DA:5,1
DA:7,2
DA:15,2
DA:19,2
DA:23,2
DA:28,2
DA:35,2
DA:36,0
DA:41,2
DA:42,0
DA:48,2
DA:49,0
DA:57,2
DA:58,0
DA:67,2
DA:68,0
DA:70,0
DA:71,0
DA:72,0
DA:74,0
DA:75,0
DA:78,0
DA:83,2
DA:84,0
DA:86,0
DA:87,0
DA:88,0
DA:89,0
DA:91,0
DA:92,0
DA:95,0
DA:96,0
DA:98,0
DA:99,0
DA:102,0
DA:114,0
DA:121,0
DA:123,0
DA:124,0
DA:125,0
DA:127,0
DA:132,0
DA:135,0
DA:144,2
LF:44
LH:13
BRDA:70,0,0,0
BRDA:70,0,1,0
BRDA:71,1,0,0
BRDA:71,1,1,0
BRDA:71,2,0,0
BRDA:71,2,1,0
BRDA:71,2,2,0
BRDA:74,3,0,0
BRDA:74,3,1,0
BRDA:91,4,0,0
BRDA:91,4,1,0
BRDA:95,5,0,0
BRDA:95,5,1,0
BRDA:98,6,0,0
BRDA:98,6,1,0
BRDA:102,7,0,0
BRDA:102,7,1,0
BRDA:102,8,0,0
BRDA:102,8,1,0
BRDA:102,8,2,0
BRDA:171,9,0,2
BRDA:171,9,1,0
BRF:22
BRH:1
end_of_record
TN:
SF:client/src/components/questions/Answer.jsx
FN:5,(anonymous_0)
FN:18,(anonymous_1)
FN:29,(anonymous_2)
FN:30,(anonymous_3)
FN:36,(anonymous_4)
FN:48,(anonymous_5)
FN:49,(anonymous_6)
FN:101,(anonymous_7)
FNF:8
FNH:1
FNDA:3,(anonymous_0)
FNDA:0,(anonymous_1)
FNDA:0,(anonymous_2)
FNDA:0,(anonymous_3)
FNDA:0,(anonymous_4)
FNDA:0,(anonymous_5)
FNDA:0,(anonymous_6)
FNDA:0,(anonymous_7)
DA:5,1
DA:7,3
DA:15,3
DA:18,3
DA:19,0
DA:20,0
DA:27,0
DA:28,0
DA:29,0
DA:30,0
DA:36,3
DA:37,0
DA:39,0
DA:40,0
DA:47,0
DA:48,0
DA:49,0
DA:51,0
DA:53,0
DA:58,3
DA:63,3
DA:65,3
DA:66,3
DA:69,3
DA:74,3
DA:78,3
DA:79,0
DA:83,3
DA:85,3
DA:98,0
DA:101,0
LF:31
LH:14
BRDA:19,0,0,0
BRDA:19,0,1,0
BRDA:39,1,0,0
BRDA:39,1,1,0
BRDA:39,2,0,0
BRDA:39,2,1,0
BRDA:78,3,0,0
BRDA:78,3,1,3
BRDA:83,4,0,3
BRDA:83,4,1,0
BRF:10
BRH:2
end_of_record
TN:
SF:client/src/components/questions/Error.jsx
FN:3,(anonymous_0)
FN:14,(anonymous_1)
FNF:2
FNH:0
FNDA:0,(anonymous_0)
FNDA:0,(anonymous_1)
DA:3,1
DA:4,0
DA:8,0
DA:14,0
LF:4
LH:1
BRF:0
BRH:0
end_of_record
TN:
SF:client/src/components/questions/QuestionItem.jsx
FN:7,(anonymous_0)
FN:20,(anonymous_1)
FN:39,(anonymous_2)
FN:47,(anonymous_3)
FN:48,(anonymous_4)
FN:58,(anonymous_5)
FN:63,(anonymous_6)
FN:68,(anonymous_7)
FN:72,(anonymous_8)
FN:84,(anonymous_9)
FN:85,(anonymous_10)
FN:122,(anonymous_11)
FN:141,(anonymous_12)
FN:156,(anonymous_13)
FNF:14
FNH:4
FNDA:2,(anonymous_0)
FNDA:2,(anonymous_1)
FNDA:0,(anonymous_2)
FNDA:0,(anonymous_3)
FNDA:0,(anonymous_4)
FNDA:0,(anonymous_5)
FNDA:0,(anonymous_6)
FNDA:0,(anonymous_7)
FNDA:0,(anonymous_8)
FNDA:4,(anonymous_9)
FNDA:0,(anonymous_10)
FNDA:0,(anonymous_11)
FNDA:0,(anonymous_12)
FNDA:2,(anonymous_13)
DA:7,1
DA:9,2
DA:11,2
DA:17,2
DA:20,2
DA:21,2
DA:23,2
DA:24,2
DA:25,2
DA:26,2
DA:27,2
DA:32,2
DA:34,2
DA:35,2
DA:39,2
DA:41,0
DA:42,0
DA:43,0
DA:46,0
DA:47,0
DA:48,0
DA:50,0
DA:53,0
DA:58,2
DA:59,0
DA:63,2
DA:64,0
DA:68,2
DA:69,0
DA:72,2
DA:73,0
DA:77,2
DA:78,2
DA:81,2
DA:84,2
DA:85,4
DA:86,0
DA:87,0
DA:88,0
DA:90,0
DA:91,0
DA:93,0
DA:96,0
DA:98,4
DA:101,2
DA:104,2
DA:107,2
DA:109,0
DA:110,0
DA:112,0
DA:122,0
DA:129,0
DA:131,0
DA:141,0
DA:146,2
DA:156,2
LF:56
LH:30
BRDA:24,0,0,2
BRDA:24,0,1,0
BRDA:41,1,0,0
BRDA:41,1,1,0
BRDA:41,2,0,0
BRDA:41,2,1,0
BRDA:90,3,0,0
BRDA:90,3,1,0
BRDA:107,4,0,0
BRDA:107,4,1,2
BRDA:109,5,0,0
BRDA:109,5,1,0
BRDA:114,6,0,0
BRDA:114,6,1,0
BRDA:133,7,0,0
BRDA:133,7,1,0
BRDA:148,8,0,2
BRDA:148,8,1,0
BRF:18
BRH:3
end_of_record
TN:
SF:client/src/components/questions/Search.jsx
FN:4,(anonymous_0)
FN:7,(anonymous_1)
FNF:2
FNH:1
FNDA:1,(anonymous_0)
FNDA:0,(anonymous_1)
DA:4,1
DA:7,1
DA:9,0
DA:10,0
DA:15,1
DA:22,1
LF:6
LH:4
BRF:0
BRH:0
end_of_record
TN:
SF:client/src/components/related_products/ProductComparisonModal.jsx
FN:3,(anonymous_0)
FN:14,(anonymous_1)
FNF:2
FNH:0
FNDA:0,(anonymous_0)
FNDA:0,(anonymous_1)
DA:3,1
DA:13,0
DA:14,0
LF:3
LH:1
BRF:0
BRH:0
end_of_record
TN:
SF:client/src/components/related_products/RelatedProducts.jsx
FN:13,(anonymous_0)
FN:17,(anonymous_1)
FN:20,(anonymous_2)
FN:25,(anonymous_3)
FN:27,(anonymous_4)
FN:30,(anonymous_5)
FN:35,(anonymous_6)
FN:39,(anonymous_7)
FN:48,(anonymous_8)
FN:57,(anonymous_9)
FNF:10
FNH:1
FNDA:1,(anonymous_0)
FNDA:0,(anonymous_1)
FNDA:0,(anonymous_2)
FNDA:0,(anonymous_3)
FNDA:0,(anonymous_4)
FNDA:0,(anonymous_5)
FNDA:0,(anonymous_6)
FNDA:0,(anonymous_7)
FNDA:0,(anonymous_8)
FNDA:0,(anonymous_9)
DA:11,1
DA:13,1
DA:15,1
DA:17,1
DA:18,0
DA:20,0
DA:21,0
DA:25,1
DA:26,0
DA:28,0
DA:31,0
DA:35,1
DA:36,0
DA:39,1
DA:40,0
DA:43,1
DA:44,1
DA:46,0
DA:50,0
DA:58,0
LF:20
LH:9
BRDA:43,0,0,1
BRDA:43,0,1,0
BRF:2
BRH:1
end_of_record
TN:
SF:client/src/components/related_products/RelatedProductsItem.jsx
FN:14,(anonymous_0)
FN:23,(anonymous_1)
FN:28,(anonymous_2)
FN:35,(anonymous_3)
FN:37,(anonymous_4)
FN:40,(anonymous_5)
FN:45,(anonymous_6)
FN:47,(anonymous_7)
FN:50,(anonymous_8)
FN:55,(anonymous_9)
FN:57,(anonymous_10)
FN:60,(anonymous_11)
FN:65,(anonymous_12)
FN:69,(anonymous_13)
FN:74,(anonymous_14)
FN:95,(anonymous_15)
FN:96,(anonymous_16)
FNF:17
FNH:0
FNDA:0,(anonymous_0)
FNDA:0,(anonymous_1)
FNDA:0,(anonymous_2)
FNDA:0,(anonymous_3)
FNDA:0,(anonymous_4)
FNDA:0,(anonymous_5)
FNDA:0,(anonymous_6)
FNDA:0,(anonymous_7)
FNDA:0,(anonymous_8)
FNDA:0,(anonymous_9)
FNDA:0,(anonymous_10)
FNDA:0,(anonymous_11)
FNDA:0,(anonymous_12)
FNDA:0,(anonymous_13)
FNDA:0,(anonymous_14)
FNDA:0,(anonymous_15)
FNDA:0,(anonymous_16)
DA:12,1
DA:14,1
DA:16,0
DA:17,0
DA:18,0
DA:20,0
DA:21,0
DA:23,0
DA:24,0
DA:25,0
DA:26,0
DA:28,0
DA:29,0
DA:30,0
DA:31,0
DA:35,0
DA:36,0
DA:38,0
DA:41,0
DA:45,0
DA:46,0
DA:48,0
DA:51,0
DA:55,0
DA:56,0
DA:58,0
DA:61,0
DA:65,0
DA:66,0
DA:69,0
DA:70,0
DA:71,0
DA:74,0
DA:75,0
DA:76,0
DA:80,0
DA:81,0
DA:83,0
DA:95,0
DA:96,0
LF:40
LH:2
BRDA:75,0,0,0
BRDA:75,0,1,0
BRDA:80,1,0,0
BRDA:80,1,1,0
BRDA:80,2,0,0
BRDA:80,2,1,0
BRDA:80,2,2,0
BRDA:88,3,0,0
BRDA:88,3,1,0
BRDA:90,4,0,0
BRDA:90,4,1,0
BRDA:94,5,0,0
BRDA:94,5,1,0
BRF:13
BRH:0
end_of_record
TN:
SF:client/src/components/review/reviewmain/StarRating.jsx
FN:3,(anonymous_0)
FNF:1
FNH:0
FNDA:0,(anonymous_0)
DA:3,2
DA:6,0
DA:10,0
LF:3
LH:1
BRF:0
BRH:0
end_of_record
TN:
SF:client/src/components/review/reviewtile/ReviewTile.jsx
FN:6,ReviewTile
FN:41,(anonymous_1)
FN:44,(anonymous_2)
FN:54,(anonymous_3)
FN:56,(anonymous_4)
FN:75,(anonymous_5)
FNF:6
FNH:2
FNDA:1,ReviewTile
FNDA:0,(anonymous_1)
FNDA:0,(anonymous_2)
FNDA:0,(anonymous_3)
FNDA:0,(anonymous_4)
FNDA:3,(anonymous_5)
DA:7,1
DA:8,1
DA:10,1
DA:18,1
DA:25,1
DA:35,1
DA:41,1
DA:42,0
DA:43,0
DA:45,0
DA:46,0
DA:47,0
DA:50,0
DA:54,1
DA:55,0
DA:57,0
DA:58,0
DA:62,1
DA:76,3
LF:19
LH:10
BRDA:16,0,0,1
BRDA:16,0,1,0
BRDA:42,1,0,0
BRDA:42,1,1,0
BRDA:71,2,0,1
BRDA:71,2,1,0
BRDA:73,3,0,1
BRDA:73,3,1,0
BRDA:80,4,0,0
BRDA:80,4,1,1
BRF:10
BRH:4
end_of_record
